<?xml version="1.0" encoding="UTF-8"?>
<!-- Generated by org.testng.reporters.JUnitReportReporter -->
<testsuite skipped="0" hostname="LAPTOP-RRO4KGR3" name="com.selenium.maventesting.AppTest1" tests="1" failures="0" timestamp="01 May 2020 05:32:25 GMT" time="0.002" errors="0">
  <testcase name="testing1" time="0.002" classname="com.selenium.maventesting.AppTest1"/>
</testsuite> <!-- com.selenium.maventesting.AppTest1 -->
